<?xml version="1.0" encoding="UTF-8"?>
<testsuite xmlns:xsi="http://www.w3.org/2001/XMLSchema-instance" xsi:noNamespaceSchemaLocation="https://maven.apache.org/surefire/maven-surefire-plugin/xsd/surefire-test-report-3.0.xsd" version="3.0" name="InventoryTest" time="0.288" tests="9" errors="0" skipped="0" failures="0">
  <properties>
[...]
</properties>
  <testcase name="testAddNewProduct" classname="InventoryTest" time="0.262">
    <system-out><![CDATA[11:10:50.324 [main] INFO  com.example.Inventory - Бараа амжилттай нэмэгдлээ: P001 - Printer - 5.0
]]></system-out>
  </testcase>
  <testcase name="testGetProductWithExactQuantity" classname="InventoryTest" time="0.002">
    <system-out><![CDATA[11:10:50.332 [main] INFO  com.example.Inventory - Бараа амжилттай нэмэгдлээ: H001 - Headset - 3.0
11:10:50.332 [main] INFO  com.example.Inventory - H001 кодтой {:.1f} ширхэг 3.0 бараа нөөцөөс хасагдлаа.
]]></system-out>
  </testcase>
  <testcase name="testGetProductFailsIfInsufficientStock" classname="InventoryTest" time="0.002">
    <system-out><![CDATA[11:10:50.334 [main] INFO  com.example.Inventory - Бараа амжилттай нэмэгдлээ: M001 - Monitor - 2.0
11:10:50.334 [main] WARN  com.example.Inventory - Хангалттай тоо ширхэг байхгүй байна: шаардлагатай = 5.0, байгаа = 2.0
]]></system-out>
  </testcase>
  <testcase name="testGetProductNonExistingCode" classname="InventoryTest" time="0.002">
    <system-out><![CDATA[11:10:50.337 [main] INFO  com.example.Inventory - Бараа амжилттай нэмэгдлээ: C001 - Camera - 4.0
11:10:50.337 [main] WARN  com.example.Inventory - Бараа олдсонгүй: C999
]]></system-out>
  </testcase>
  <testcase name="testAddProductWithZeroQuantity" classname="InventoryTest" time="0.0">
    <system-out><![CDATA[11:10:50.338 [main] INFO  com.example.Inventory - Бараа амжилттай нэмэгдлээ: S001 - Scanner - 0.0
]]></system-out>
  </testcase>
  <testcase name="testAddProductWithNegativeQuantity" classname="InventoryTest" time="0.003"/>
  <testcase name="testGetProductSuccessfully" classname="InventoryTest" time="0.002">
    <system-out><![CDATA[11:10:50.343 [main] INFO  com.example.Inventory - Бараа амжилттай нэмэгдлээ: M001 - Monitor - 10.0
11:10:50.344 [main] INFO  com.example.Inventory - M001 кодтой {:.1f} ширхэг 5.0 бараа нөөцөөс хасагдлаа.
]]></system-out>
  </testcase>
  <testcase name="testAddExistingProductIncreasesQuantity" classname="InventoryTest" time="0.001">
    <system-out><![CDATA[11:10:50.345 [main] INFO  com.example.Inventory - Бараа амжилттай нэмэгдлээ: P001 - Printer - 5.0
11:10:50.346 [main] INFO  com.example.Inventory - Бараа амжилттай нэмэгдлээ: P001 - Printer - 3.0
]]></system-out>
  </testcase>
  <testcase name="testGetProductFromEmptyInventory" classname="InventoryTest" time="0.001">
    <system-out><![CDATA[11:10:50.347 [main] WARN  com.example.Inventory - Бараа олдсонгүй: M005
]]></system-out>
  </testcase>
</testsuite>